#
# A fatal error has been detected by the Java Runtime Environment:
#
#  SIGSEGV (0xb) at pc=0xb6bdb718, pid=3628, tid=1781914432
#
# JRE version: OpenJDK Runtime Environment (7.0_75-b13) (build 1.7.0_75-b13)
# Java VM: OpenJDK Server VM (24.75-b04 mixed mode linux-x86 )
# Derivative: IcedTea 2.5.4
# Distribution: Ubuntu 14.04 LTS, package 7u75-2.5.4-1~trusty1
# Problematic frame:
# V  [libjvm.so+0x4b4718]  java_lang_String::utf8_length(oopDesc*)+0x58
#
# Failed to write core dump. Core dumps have been disabled. To enable core dumping, try "ulimit -c unlimited" before starting Java again
#
# If you would like to submit a bug report, please include
# instructions on how to reproduce the bug and visit:
#   http://icedtea.classpath.org/bugzilla
#

---------------  T H R E A D  ---------------

Current thread (0x6a6a6800):  JavaThread "JDWP Transport Listener: dt_socket" daemon [_thread_in_vm, id=3645, stack(0x6a30d000,0x6a35e000)]

siginfo:si_signo=SIGSEGV: si_errno=0, si_code=1 (SEGV_MAPERR), si_addr=0x00000008

Registers:
EAX=0x9e9cb628, EBX=0xb7167000, ECX=0x00000000, EDX=0x00000000
ESP=0x6a35cf40, EBP=0x6a35cfd8, ESI=0x00000000, EDI=0x6d300f84
EIP=0xb6bdb718, EFLAGS=0x00010246, CR2=0x00000008

Top of Stack: (sp=0x6a35cf40)
0x6a35cf40:   6a6a6800 00000000 6a35cf78 b654289f
0x6a35cf50:   b6bdb6c9 b7167000 6a6a6800 b6be9f46
0x6a35cf60:   9e9cb628 00000001 b654282b b6557000
0x6a35cf70:   6d300f84 6a35d02c 6a35cfa8 9e9cb628
0x6a35cf80:   6a6a6800 00000000 6a35cfb8 00000000
0x6a35cf90:   00000190 6d2005d0 b6541c5b b6557000
0x6a35cfa0:   6a6a6928 6d300f84 6a35cfd8 b652120c
0x6a35cfb0:   6a6a6928 6d300f84 00000000 b653696c 

Instructions: (pc=0xb6bdb718)
0xb6bdb6f8:   10 8d 4c 4e 0c 31 c0 85 d2 0f 45 c1 89 54 24 04
0xb6bdb708:   89 04 24 e8 50 3a 33 00 83 c4 14 5b 5e c3 66 90
0xb6bdb718:   8b 56 08 eb dc 90 66 90 56 31 c9 53 e8 47 5c c0
0xb6bdb728:   ff 81 c3 d7 b8 58 00 83 ec 14 8b 44 24 20 8b 93 

Register to memory mapping:

EAX=0x9e9cb628 is an oop
java.lang.String 
 - klass: 'java/lang/String'
EBX=0xb7167000: <offset 0xa40000> in /usr/lib/jvm/java-7-openjdk-i386/jre/lib/i386/server/libjvm.so at 0xb6727000
ECX=0x00000000 is an unknown value
EDX=0x00000000 is an unknown value
ESP=0x6a35cf40 is pointing into the stack for thread: 0x6a6a6800
EBP=0x6a35cfd8 is pointing into the stack for thread: 0x6a6a6800
ESI=0x00000000 is an unknown value
EDI=0x6d300f84 is a global jni handle


Stack: [0x6a30d000,0x6a35e000],  sp=0x6a35cf40,  free space=319k
Native frames: (J=compiled Java code, j=interpreted, Vv=VM code, C=native code)
V  [libjvm.so+0x4b4718]  java_lang_String::utf8_length(oopDesc*)+0x58
C  [libjdwp.so+0x12689]
C  [libjdwp.so+0x25aaf]
C  [libjdwp.so+0x25f4c]


---------------  P R O C E S S  ---------------

Java Threads: ( => current thread )
  0x6a6aec00 JavaThread "Service Thread" daemon [_thread_blocked, id=3653, stack(0x6a00b000,0x6a05c000)]
  0x6a6ad000 JavaThread "C2 CompilerThread1" daemon [_thread_blocked, id=3652, stack(0x6a05c000,0x6a0dd000)]
  0x6a6aac00 JavaThread "C2 CompilerThread0" daemon [_thread_blocked, id=3651, stack(0x6a0dd000,0x6a15e000)]
  0x6a400800 JavaThread "JDWP Command Reader" daemon [_thread_in_native, id=3647, stack(0x6a15e000,0x6a1af000)]
  0x6a6a9400 JavaThread "JDWP Event Helper Thread" daemon [_thread_blocked, id=3646, stack(0x6a1af000,0x6a200000)]
=>0x6a6a6800 JavaThread "JDWP Transport Listener: dt_socket" daemon [_thread_in_vm, id=3645, stack(0x6a30d000,0x6a35e000)]
  0x6a69e400 JavaThread "Signal Dispatcher" daemon [_thread_blocked, id=3643, stack(0x6a35e000,0x6a3af000)]
  0x6a68cc00 JavaThread "Finalizer" daemon [_thread_blocked, id=3642, stack(0x6a3af000,0x6a400000)]
  0x6a68b400 JavaThread "Reference Handler" daemon [_thread_blocked, id=3641, stack(0x6a52e000,0x6a57f000)]
  0xb6409000 JavaThread "main" [_thread_blocked, id=3635, stack(0xb658a000,0xb65db000)]

Other Threads:
  0x6a688c00 VMThread [stack: 0x6a57f000,0x6a600000] [id=3640]
  0x6a6b0c00 WatcherThread [stack: 0x69f8a000,0x6a00b000] [id=3654]

VM state:not at safepoint (normal execution)

VM Mutex/Monitor currently owned by a thread: None

Heap
 PSYoungGen      total 18432K, used 952K [0x9e980000, 0x9fe00000, 0xb3100000)
  eden space 15872K, 6% used [0x9e980000,0x9ea6e240,0x9f900000)
  from space 2560K, 0% used [0x9fb80000,0x9fb80000,0x9fe00000)
  to   space 2560K, 0% used [0x9f900000,0x9f900000,0x9fb80000)
 ParOldGen       total 41728K, used 0K [0x75b00000, 0x783c0000, 0x9e980000)
  object space 41728K, 0% used [0x75b00000,0x75b00000,0x783c0000)
 PSPermGen       total 16384K, used 1936K [0x6db00000, 0x6eb00000, 0x75b00000)
  object space 16384K, 11% used [0x6db00000,0x6dce40f0,0x6eb00000)

Card table byte_map: [0x6d8d4000,0x6db00000] byte_map_base: 0x6d566800

Polling page: 0xb778a000

Code Cache  [0xb31c5000, 0xb3405000, 0xb61c5000)
 total_blobs=91 nmethods=0 adapters=68 free_code_cache=48864Kb largest_free_block=50037312

Compilation events (0 events):
No events

GC Heap History (0 events):
No events

Deoptimization events (0 events):
No events

Internal exceptions (5 events):
Event: 0.063 Thread 0xb6409000 Threw 0x9e98dfe0 at /build/buildd/openjdk-7-7u75-2.5.4/build/openjdk/hotspot/src/share/vm/prims/jni.cpp:3995
Event: 0.273 Thread 0xb6409000 Threw 0x9e9c4668 at /build/buildd/openjdk-7-7u75-2.5.4/build/openjdk/hotspot/src/share/vm/prims/jni.cpp:721
Event: 0.273 Thread 0xb6409000 Threw 0x9e9c47d8 at /build/buildd/openjdk-7-7u75-2.5.4/build/openjdk/hotspot/src/share/vm/prims/jvm.cpp:1284
Event: 0.273 Thread 0xb6409000 Threw 0x9e9c48f0 at /build/buildd/openjdk-7-7u75-2.5.4/build/openjdk/hotspot/src/share/vm/prims/jvm.cpp:1284
Event: 0.274 Thread 0xb6409000 Threw 0x9e9c63b8 at /build/buildd/openjdk-7-7u75-2.5.4/build/openjdk/hotspot/src/share/vm/prims/jvm.cpp:1284

Events (10 events):
Event: 70.390 Executing VM operation: EnterInterpOnlyMode
Event: 70.390 Executing VM operation: EnterInterpOnlyMode done
Event: 70.390 Executing VM operation: GetCurrentLocation
Event: 70.390 Executing VM operation: GetCurrentLocation done
Event: 70.390 Executing VM operation: ChangeSingleStep
Event: 70.390 Executing VM operation: ChangeSingleStep done
Event: 70.390 Executing VM operation: GetOrSetLocal
Event: 70.390 Executing VM operation: GetOrSetLocal done
Event: 70.391 Executing VM operation: ChangeSingleStep
Event: 70.391 Executing VM operation: ChangeSingleStep done


Dynamic libraries:
08048000-08049000 r-xp 00000000 08:05 786756     /usr/lib/jvm/java-7-openjdk-i386/jre/bin/java
08049000-0804a000 r--p 00000000 08:05 786756     /usr/lib/jvm/java-7-openjdk-i386/jre/bin/java
0804a000-0804b000 rw-p 00001000 08:05 786756     /usr/lib/jvm/java-7-openjdk-i386/jre/bin/java
08c8a000-08cab000 rw-p 00000000 00:00 0          [heap]
69d79000-69f8a000 rw-p 00000000 00:00 0 
69f8a000-69f8b000 ---p 00000000 00:00 0 
69f8b000-6a00b000 rw-p 00000000 00:00 0          [stack:3654]
6a00b000-6a00e000 ---p 00000000 00:00 0 
6a00e000-6a05c000 rw-p 00000000 00:00 0          [stack:3653]
6a05c000-6a05f000 ---p 00000000 00:00 0 
6a05f000-6a0dd000 rw-p 00000000 00:00 0          [stack:3652]
6a0dd000-6a0e0000 ---p 00000000 00:00 0 
6a0e0000-6a15e000 rw-p 00000000 00:00 0          [stack:3651]
6a15e000-6a161000 ---p 00000000 00:00 0 
6a161000-6a1af000 rw-p 00000000 00:00 0          [stack:3647]
6a1af000-6a1b2000 ---p 00000000 00:00 0 
6a1b2000-6a200000 rw-p 00000000 00:00 0          [stack:3646]
6a200000-6a221000 rw-p 00000000 00:00 0 
6a221000-6a300000 ---p 00000000 00:00 0 
6a30d000-6a310000 ---p 00000000 00:00 0 
6a310000-6a35e000 rw-p 00000000 00:00 0          [stack:3645]
6a35e000-6a361000 ---p 00000000 00:00 0 
6a361000-6a3af000 rw-p 00000000 00:00 0          [stack:3643]
6a3af000-6a3b2000 ---p 00000000 00:00 0 
6a3b2000-6a400000 rw-p 00000000 00:00 0          [stack:3642]
6a400000-6a421000 rw-p 00000000 00:00 0 
6a421000-6a500000 ---p 00000000 00:00 0 
6a52e000-6a531000 ---p 00000000 00:00 0 
6a531000-6a57f000 rw-p 00000000 00:00 0          [stack:3641]
6a57f000-6a580000 ---p 00000000 00:00 0 
6a580000-6a600000 rw-p 00000000 00:00 0          [stack:3640]
6a600000-6a6fb000 rw-p 00000000 00:00 0 
6a6fb000-6a700000 ---p 00000000 00:00 0 
6a749000-6a8fa000 r--s 01d23000 08:05 787452     /usr/lib/jvm/java-7-openjdk-i386/jre/lib/rt.jar
6a8fa000-6d000000 rw-p 00000000 00:00 0 
6d000000-6d021000 rw-p 00000000 00:00 0 
6d021000-6d100000 ---p 00000000 00:00 0 
6d136000-6d17f000 rw-p 00000000 00:00 0 
6d17f000-6d180000 ---p 00000000 00:00 0 
6d180000-6d200000 rw-p 00000000 00:00 0          [stack:3639]
6d200000-6d221000 rw-p 00000000 00:00 0 
6d221000-6d300000 ---p 00000000 00:00 0 
6d300000-6d321000 rw-p 00000000 00:00 0 
6d321000-6d400000 ---p 00000000 00:00 0 
6d424000-6d47f000 rw-p 00000000 00:00 0 
6d47f000-6d480000 ---p 00000000 00:00 0 
6d480000-6d500000 rw-p 00000000 00:00 0          [stack:3638]
6d500000-6d521000 rw-p 00000000 00:00 0 
6d521000-6d600000 ---p 00000000 00:00 0 
6d61f000-6d621000 rw-p 00000000 00:00 0 
6d621000-6d625000 r--s 0003c000 08:05 787115     /usr/lib/jvm/java-7-openjdk-i386/jre/lib/ext/sunpkcs11.jar
6d625000-6d627000 r--s 00006000 08:05 524491     /usr/share/java/java-atk-wrapper.jar
6d627000-6d62a000 r--s 00086000 08:05 787111     /usr/lib/jvm/java-7-openjdk-i386/jre/lib/ext/localedata.jar
6d62a000-6d62c000 r--s 00012000 08:05 787113     /usr/lib/jvm/java-7-openjdk-i386/jre/lib/ext/zipfs.jar
6d62c000-6d62f000 r--s 0000f000 08:05 787112     /usr/lib/jvm/java-7-openjdk-i386/jre/lib/ext/icedtea-sound.jar
6d62f000-6d64a000 rw-p 00000000 00:00 0 
6d64a000-6d64b000 ---p 00000000 00:00 0 
6d64b000-6d6cb000 rw-p 00000000 00:00 0          [stack:3637]
6d6cb000-6d6cc000 ---p 00000000 00:00 0 
6d6cc000-6d754000 rw-p 00000000 00:00 0          [stack:3636]
6d754000-6d78c000 rw-p 00000000 00:00 0 
6d78c000-6d7a1000 rw-p 00000000 00:00 0 
6d7a1000-6d8d4000 rw-p 00000000 00:00 0 
6d8d4000-6d8dc000 rw-p 00000000 00:00 0 
6d8dc000-6d914000 rw-p 00000000 00:00 0 
6d914000-6d929000 rw-p 00000000 00:00 0 
6d929000-6da5b000 rw-p 00000000 00:00 0 
6da5b000-6da66000 rw-p 00000000 00:00 0 
6da66000-6daff000 rw-p 00000000 00:00 0 
6daff000-6eb00000 rw-p 00000000 00:00 0 
6eb00000-75b00000 rw-p 00000000 00:00 0 
75b00000-783c0000 rw-p 00000000 00:00 0 
783c0000-9e980000 rw-p 00000000 00:00 0 
9e980000-9fe00000 rw-p 00000000 00:00 0 
9fe00000-b3100000 rw-p 00000000 00:00 0 
b3100000-b3101000 r--s 00002000 08:05 787110     /usr/lib/jvm/java-7-openjdk-i386/jre/lib/ext/dnsns.jar
b3101000-b3105000 r--s 00034000 08:05 787114     /usr/lib/jvm/java-7-openjdk-i386/jre/lib/ext/sunjce_provider.jar
b3105000-b310e000 rw-p 00000000 00:00 0 
b310e000-b31c5000 rw-p 00000000 00:00 0 
b31c5000-b3405000 rwxp 00000000 00:00 0 
b3405000-b61c5000 rw-p 00000000 00:00 0 
b61c5000-b61d0000 r-xp 00000000 08:05 12845751   /lib/i386-linux-gnu/libnss_files-2.19.so
b61d0000-b61d1000 r--p 0000a000 08:05 12845751   /lib/i386-linux-gnu/libnss_files-2.19.so
b61d1000-b61d2000 rw-p 0000b000 08:05 12845751   /lib/i386-linux-gnu/libnss_files-2.19.so
b61d2000-b61dc000 r-xp 00000000 08:05 12845755   /lib/i386-linux-gnu/libnss_nis-2.19.so
b61dc000-b61dd000 r--p 00009000 08:05 12845755   /lib/i386-linux-gnu/libnss_nis-2.19.so
b61dd000-b61de000 rw-p 0000a000 08:05 12845755   /lib/i386-linux-gnu/libnss_nis-2.19.so
b61de000-b61f3000 r-xp 00000000 08:05 12845764   /lib/i386-linux-gnu/libnsl-2.19.so
b61f3000-b61f4000 r--p 00015000 08:05 12845764   /lib/i386-linux-gnu/libnsl-2.19.so
b61f4000-b61f5000 rw-p 00016000 08:05 12845764   /lib/i386-linux-gnu/libnsl-2.19.so
b61f5000-b61f7000 rw-p 00000000 00:00 0 
b61f7000-b61fe000 r-xp 00000000 08:05 12845750   /lib/i386-linux-gnu/libnss_compat-2.19.so
b61fe000-b61ff000 r--p 00006000 08:05 12845750   /lib/i386-linux-gnu/libnss_compat-2.19.so
b61ff000-b6200000 rw-p 00007000 08:05 12845750   /lib/i386-linux-gnu/libnss_compat-2.19.so
b6200000-b6400000 r--p 00000000 08:05 267365     /usr/lib/locale/locale-archive
b6400000-b64f9000 rw-p 00000000 00:00 0 
b64f9000-b6500000 ---p 00000000 00:00 0 
b6500000-b6504000 r-xp 00000000 08:05 786856     /usr/lib/jvm/java-7-openjdk-i386/jre/lib/i386/libdt_socket.so
b6504000-b6505000 r--p 00003000 08:05 786856     /usr/lib/jvm/java-7-openjdk-i386/jre/lib/i386/libdt_socket.so
b6505000-b6506000 rw-p 00004000 08:05 786856     /usr/lib/jvm/java-7-openjdk-i386/jre/lib/i386/libdt_socket.so
b6506000-b650e000 r-xp 00000000 08:05 786883     /usr/lib/jvm/java-7-openjdk-i386/jre/lib/i386/libzip.so
b650e000-b650f000 r--p 00007000 08:05 786883     /usr/lib/jvm/java-7-openjdk-i386/jre/lib/i386/libzip.so
b650f000-b6510000 rw-p 00008000 08:05 786883     /usr/lib/jvm/java-7-openjdk-i386/jre/lib/i386/libzip.so
b6510000-b6518000 rw-s 00000000 08:05 29360151   /tmp/hsperfdata_prem/3628
b6518000-b6556000 r-xp 00000000 08:05 786868     /usr/lib/jvm/java-7-openjdk-i386/jre/lib/i386/libjdwp.so
b6556000-b6557000 r--p 0003d000 08:05 786868     /usr/lib/jvm/java-7-openjdk-i386/jre/lib/i386/libjdwp.so
b6557000-b6558000 rw-p 0003e000 08:05 786868     /usr/lib/jvm/java-7-openjdk-i386/jre/lib/i386/libjdwp.so
b6558000-b657f000 r-xp 00000000 08:05 786829     /usr/lib/jvm/java-7-openjdk-i386/jre/lib/i386/libjava.so
b657f000-b6580000 r--p 00026000 08:05 786829     /usr/lib/jvm/java-7-openjdk-i386/jre/lib/i386/libjava.so
b6580000-b6581000 rw-p 00027000 08:05 786829     /usr/lib/jvm/java-7-openjdk-i386/jre/lib/i386/libjava.so
b6581000-b6588000 r-xp 00000000 08:05 12845747   /lib/i386-linux-gnu/librt-2.19.so
b6588000-b6589000 r--p 00006000 08:05 12845747   /lib/i386-linux-gnu/librt-2.19.so
b6589000-b658a000 rw-p 00007000 08:05 12845747   /lib/i386-linux-gnu/librt-2.19.so
b658a000-b658d000 ---p 00000000 00:00 0 
b658d000-b65db000 rw-p 00000000 00:00 0          [stack:3635]
b65db000-b65f7000 r-xp 00000000 08:05 12845872   /lib/i386-linux-gnu/libgcc_s.so.1
b65f7000-b65f8000 rw-p 0001b000 08:05 12845872   /lib/i386-linux-gnu/libgcc_s.so.1
b65f8000-b663c000 r-xp 00000000 08:05 12845765   /lib/i386-linux-gnu/libm-2.19.so
b663c000-b663d000 r--p 00043000 08:05 12845765   /lib/i386-linux-gnu/libm-2.19.so
b663d000-b663e000 rw-p 00044000 08:05 12845765   /lib/i386-linux-gnu/libm-2.19.so
b663e000-b671a000 r-xp 00000000 08:05 267441     /usr/lib/i386-linux-gnu/libstdc++.so.6.0.19
b671a000-b671b000 ---p 000dc000 08:05 267441     /usr/lib/i386-linux-gnu/libstdc++.so.6.0.19
b671b000-b671f000 r--p 000dc000 08:05 267441     /usr/lib/i386-linux-gnu/libstdc++.so.6.0.19
b671f000-b6720000 rw-p 000e0000 08:05 267441     /usr/lib/i386-linux-gnu/libstdc++.so.6.0.19
b6720000-b6727000 rw-p 00000000 00:00 0 
b6727000-b7115000 r-xp 00000000 08:05 786933     /usr/lib/jvm/java-7-openjdk-i386/jre/lib/i386/server/libjvm.so
b7115000-b7167000 r--p 009ed000 08:05 786933     /usr/lib/jvm/java-7-openjdk-i386/jre/lib/i386/server/libjvm.so
b7167000-b717b000 rw-p 00a3f000 08:05 786933     /usr/lib/jvm/java-7-openjdk-i386/jre/lib/i386/server/libjvm.so
b717b000-b7598000 rw-p 00000000 00:00 0 
b7598000-b75b0000 r-xp 00000000 08:05 12845870   /lib/i386-linux-gnu/libz.so.1.2.8
b75b0000-b75b1000 r--p 00017000 08:05 12845870   /lib/i386-linux-gnu/libz.so.1.2.8
b75b1000-b75b2000 rw-p 00018000 08:05 12845870   /lib/i386-linux-gnu/libz.so.1.2.8
b75b2000-b75b3000 rw-p 00000000 00:00 0 
b75b3000-b75cb000 r-xp 00000000 08:05 12845754   /lib/i386-linux-gnu/libpthread-2.19.so
b75cb000-b75cc000 r--p 00018000 08:05 12845754   /lib/i386-linux-gnu/libpthread-2.19.so
b75cc000-b75cd000 rw-p 00019000 08:05 12845754   /lib/i386-linux-gnu/libpthread-2.19.so
b75cd000-b75cf000 rw-p 00000000 00:00 0 
b75cf000-b75d2000 r-xp 00000000 08:05 12845758   /lib/i386-linux-gnu/libdl-2.19.so
b75d2000-b75d3000 r--p 00002000 08:05 12845758   /lib/i386-linux-gnu/libdl-2.19.so
b75d3000-b75d4000 rw-p 00003000 08:05 12845758   /lib/i386-linux-gnu/libdl-2.19.so
b75d4000-b777d000 r-xp 00000000 08:05 12845752   /lib/i386-linux-gnu/libc-2.19.so
b777d000-b777f000 r--p 001a9000 08:05 12845752   /lib/i386-linux-gnu/libc-2.19.so
b777f000-b7780000 rw-p 001ab000 08:05 12845752   /lib/i386-linux-gnu/libc-2.19.so
b7780000-b7783000 rw-p 00000000 00:00 0 
b7783000-b7784000 r--p 002c0000 08:05 267365     /usr/lib/locale/locale-archive
b7784000-b7787000 r-xp 00000000 08:05 786872     /usr/lib/jvm/java-7-openjdk-i386/jre/lib/i386/libnpt.so
b7787000-b7788000 r--p 00002000 08:05 786872     /usr/lib/jvm/java-7-openjdk-i386/jre/lib/i386/libnpt.so
b7788000-b7789000 rw-p 00003000 08:05 786872     /usr/lib/jvm/java-7-openjdk-i386/jre/lib/i386/libnpt.so
b7789000-b778a000 rw-p 00000000 00:00 0 
b778a000-b778b000 r--p 00000000 00:00 0 
b778b000-b7799000 r-xp 00000000 08:05 786882     /usr/lib/jvm/java-7-openjdk-i386/jre/lib/i386/libverify.so
b7799000-b779a000 r--p 0000d000 08:05 786882     /usr/lib/jvm/java-7-openjdk-i386/jre/lib/i386/libverify.so
b779a000-b779b000 rw-p 0000e000 08:05 786882     /usr/lib/jvm/java-7-openjdk-i386/jre/lib/i386/libverify.so
b779b000-b77a7000 r-xp 00000000 08:05 786845     /usr/lib/jvm/java-7-openjdk-i386/jre/lib/i386/jli/libjli.so
b77a7000-b77a8000 r--p 0000c000 08:05 786845     /usr/lib/jvm/java-7-openjdk-i386/jre/lib/i386/jli/libjli.so
b77a8000-b77a9000 rw-p 0000d000 08:05 786845     /usr/lib/jvm/java-7-openjdk-i386/jre/lib/i386/jli/libjli.so
b77a9000-b77ac000 rw-p 00000000 00:00 0 
b77ac000-b77ad000 r-xp 00000000 00:00 0          [vdso]
b77ad000-b77cd000 r-xp 00000000 08:05 12845767   /lib/i386-linux-gnu/ld-2.19.so
b77cd000-b77ce000 r--p 0001f000 08:05 12845767   /lib/i386-linux-gnu/ld-2.19.so
b77ce000-b77cf000 rw-p 00020000 08:05 12845767   /lib/i386-linux-gnu/ld-2.19.so
bfc88000-bfc89000 rwxp 00000000 00:00 0 
bfcbb000-bfcdc000 rw-p 00000000 00:00 0          [stack]

VM Arguments:
jvm_args: -agentlib:jdwp=transport=dt_socket,suspend=y,address=localhost:49806 -Dfile.encoding=UTF-8 
java_command: Client
Launcher Type: SUN_STANDARD

Environment Variables:
PATH=/usr/local/sbin:/usr/local/bin:/usr/sbin:/usr/bin:/sbin:/bin:/usr/games:/usr/local/games
LD_LIBRARY_PATH=/usr/lib/jvm/java-7-openjdk-i386/jre/lib/i386/server:/usr/lib/jvm/java-7-openjdk-i386/jre/lib/i386:/usr/lib/jvm/java-7-openjdk-i386/jre/../lib/i386:/usr/lib/jvm/java-7-openjdk-i386/jre/lib/i386/client:/usr/lib/jvm/java-7-openjdk-i386/jre/lib/i386:
SHELL=/bin/bash
DISPLAY=:0

Signal Handlers:
SIGSEGV: [libjvm.so+0x80c740], sa_mask[0]=0x7ffbfeff, sa_flags=0x10000004
SIGBUS: [libjvm.so+0x80c740], sa_mask[0]=0x7ffbfeff, sa_flags=0x10000004
SIGFPE: [libjvm.so+0x6847c0], sa_mask[0]=0x7ffbfeff, sa_flags=0x10000004
SIGPIPE: [libjvm.so+0x6847c0], sa_mask[0]=0x7ffbfeff, sa_flags=0x10000004
SIGXFSZ: [libjvm.so+0x6847c0], sa_mask[0]=0x7ffbfeff, sa_flags=0x10000004
SIGILL: [libjvm.so+0x6847c0], sa_mask[0]=0x7ffbfeff, sa_flags=0x10000004
SIGUSR1: SIG_DFL, sa_mask[0]=0x00000000, sa_flags=0x00000000
SIGUSR2: [libjvm.so+0x684650], sa_mask[0]=0x00000004, sa_flags=0x10000004
SIGHUP: [libjvm.so+0x684880], sa_mask[0]=0x7ffbfeff, sa_flags=0x10000004
SIGINT: [libjvm.so+0x684880], sa_mask[0]=0x7ffbfeff, sa_flags=0x10000004
SIGTERM: [libjvm.so+0x684880], sa_mask[0]=0x7ffbfeff, sa_flags=0x10000004
SIGQUIT: [libjvm.so+0x684880], sa_mask[0]=0x7ffbfeff, sa_flags=0x10000004
SIGTRAP: SIG_DFL, sa_mask[0]=0x00000000, sa_flags=0x00000000


---------------  S Y S T E M  ---------------

OS:Ubuntu 14.04 (trusty)
uname:Linux 3.13.0-46-generic #75-Ubuntu SMP Tue Feb 10 15:26:00 UTC 2015 i686
libc:glibc 2.19 NPTL 2.19 
rlimit: STACK 8192k, CORE 0k, NPROC 31211, NOFILE 4096, AS infinity
load average:0.54 0.67 0.51

/proc/meminfo:
MemTotal:        4014320 kB
MemFree:         1500168 kB
Buffers:           95256 kB
Cached:          1018664 kB
SwapCached:            0 kB
Active:          1683176 kB
Inactive:         664016 kB
Active(anon):    1234664 kB
Inactive(anon):    51832 kB
Active(file):     448512 kB
Inactive(file):   612184 kB
Unevictable:         396 kB
Mlocked:             396 kB
HighTotal:       3161976 kB
HighFree:        1122388 kB
LowTotal:         852344 kB
LowFree:          377780 kB
SwapTotal:       4072444 kB
SwapFree:        4072444 kB
Dirty:               140 kB
Writeback:             0 kB
AnonPages:       1234032 kB
Mapped:           268212 kB
Shmem:             52876 kB
Slab:              64728 kB
SReclaimable:      41288 kB
SUnreclaim:        23440 kB
KernelStack:        4656 kB
PageTables:        13292 kB
NFS_Unstable:          0 kB
Bounce:                0 kB
WritebackTmp:          0 kB
CommitLimit:     6079604 kB
Committed_AS:    4943024 kB
VmallocTotal:     122880 kB
VmallocUsed:       62712 kB
VmallocChunk:      56596 kB
HardwareCorrupted:     0 kB
AnonHugePages:    552960 kB
HugePages_Total:       0
HugePages_Free:        0
HugePages_Rsvd:        0
HugePages_Surp:        0
Hugepagesize:       2048 kB
DirectMap4k:      104440 kB
DirectMap2M:      808960 kB


CPU:total 4 (2 cores per cpu, 2 threads per core) family 6 model 69 stepping 1, cmov, cx8, fxsr, mmx, sse, sse2, sse3, ssse3, sse4.1, sse4.2, popcnt, avx, avx2, aes, erms, ht, tsc, tscinvbit

/proc/cpuinfo:
processor	: 0
vendor_id	: GenuineIntel
cpu family	: 6
model		: 69
model name	: Intel(R) Core(TM) i5-4200U CPU @ 1.60GHz
stepping	: 1
microcode	: 0x10
cpu MHz		: 759.000
cache size	: 3072 KB
physical id	: 0
siblings	: 4
core id		: 0
cpu cores	: 2
apicid		: 0
initial apicid	: 0
fdiv_bug	: no
f00f_bug	: no
coma_bug	: no
fpu		: yes
fpu_exception	: yes
cpuid level	: 13
wp		: yes
flags		: fpu vme de pse tsc msr pae mce cx8 apic sep mtrr pge mca cmov pat pse36 clflush dts acpi mmx fxsr sse sse2 ss ht tm pbe nx pdpe1gb rdtscp lm constant_tsc arch_perfmon pebs bts xtopology nonstop_tsc aperfmperf eagerfpu pni pclmulqdq dtes64 monitor ds_cpl vmx est tm2 ssse3 fma cx16 xtpr pdcm pcid sse4_1 sse4_2 movbe popcnt tsc_deadline_timer aes xsave avx f16c rdrand lahf_lm abm ida arat epb xsaveopt pln pts dtherm tpr_shadow vnmi flexpriority ept vpid fsgsbase tsc_adjust bmi1 avx2 smep bmi2 erms invpcid
bogomips	: 4589.47
clflush size	: 64
cache_alignment	: 64
address sizes	: 39 bits physical, 48 bits virtual
power management:

processor	: 1
vendor_id	: GenuineIntel
cpu family	: 6
model		: 69
model name	: Intel(R) Core(TM) i5-4200U CPU @ 1.60GHz
stepping	: 1
microcode	: 0x10
cpu MHz		: 759.000
cache size	: 3072 KB
physical id	: 0
siblings	: 4
core id		: 1
cpu cores	: 2
apicid		: 2
initial apicid	: 2
fdiv_bug	: no
f00f_bug	: no
coma_bug	: no
fpu		: yes
fpu_exception	: yes
cpuid level	: 13
wp		: yes
flags		: fpu vme de pse tsc msr pae mce cx8 apic sep mtrr pge mca cmov pat pse36 clflush dts acpi mmx fxsr sse sse2 ss ht tm pbe nx pdpe1gb rdtscp lm constant_tsc arch_perfmon pebs bts xtopology nonstop_tsc aperfmperf eagerfpu pni pclmulqdq dtes64 monitor ds_cpl vmx est tm2 ssse3 fma cx16 xtpr pdcm pcid sse4_1 sse4_2 movbe popcnt tsc_deadline_timer aes xsave avx f16c rdrand lahf_lm abm ida arat epb xsaveopt pln pts dtherm tpr_shadow vnmi flexpriority ept vpid fsgsbase tsc_adjust bmi1 avx2 smep bmi2 erms invpcid
bogomips	: 4589.47
clflush size	: 64
cache_alignment	: 64
address sizes	: 39 bits physical, 48 bits virtual
power management:

processor	: 2
vendor_id	: GenuineIntel
cpu family	: 6
model		: 69
model name	: Intel(R) Core(TM) i5-4200U CPU @ 1.60GHz
stepping	: 1
microcode	: 0x10
cpu MHz		: 759.000
cache size	: 3072 KB
physical id	: 0
siblings	: 4
core id		: 0
cpu cores	: 2
apicid		: 1
initial apicid	: 1
fdiv_bug	: no
f00f_bug	: no
coma_bug	: no
fpu		: yes
fpu_exception	: yes
cpuid level	: 13
wp		: yes
flags		: fpu vme de pse tsc msr pae mce cx8 apic sep mtrr pge mca cmov pat pse36 clflush dts acpi mmx fxsr sse sse2 ss ht tm pbe nx pdpe1gb rdtscp lm constant_tsc arch_perfmon pebs bts xtopology nonstop_tsc aperfmperf eagerfpu pni pclmulqdq dtes64 monitor ds_cpl vmx est tm2 ssse3 fma cx16 xtpr pdcm pcid sse4_1 sse4_2 movbe popcnt tsc_deadline_timer aes xsave avx f16c rdrand lahf_lm abm ida arat epb xsaveopt pln pts dtherm tpr_shadow vnmi flexpriority ept vpid fsgsbase tsc_adjust bmi1 avx2 smep bmi2 erms invpcid
bogomips	: 4589.47
clflush size	: 64
cache_alignment	: 64
address sizes	: 39 bits physical, 48 bits virtual
power management:

processor	: 3
vendor_id	: GenuineIntel
cpu family	: 6
model		: 69
model name	: Intel(R) Core(TM) i5-4200U CPU @ 1.60GHz
stepping	: 1
microcode	: 0x10
cpu MHz		: 1600.000
cache size	: 3072 KB
physical id	: 0
siblings	: 4
core id		: 1
cpu cores	: 2
apicid		: 3
initial apicid	: 3
fdiv_bug	: no
f00f_bug	: no
coma_bug	: no
fpu		: yes
fpu_exception	: yes
cpuid level	: 13
wp		: yes
flags		: fpu vme de pse tsc msr pae mce cx8 apic sep mtrr pge mca cmov pat pse36 clflush dts acpi mmx fxsr sse sse2 ss ht tm pbe nx pdpe1gb rdtscp lm constant_tsc arch_perfmon pebs bts xtopology nonstop_tsc aperfmperf eagerfpu pni pclmulqdq dtes64 monitor ds_cpl vmx est tm2 ssse3 fma cx16 xtpr pdcm pcid sse4_1 sse4_2 movbe popcnt tsc_deadline_timer aes xsave avx f16c rdrand lahf_lm abm ida arat epb xsaveopt pln pts dtherm tpr_shadow vnmi flexpriority ept vpid fsgsbase tsc_adjust bmi1 avx2 smep bmi2 erms invpcid
bogomips	: 4589.47
clflush size	: 64
cache_alignment	: 64
address sizes	: 39 bits physical, 48 bits virtual
power management:



Memory: 4k page, physical 4014320k(1500168k free), swap 4072444k(4072444k free)

vm_info: OpenJDK Server VM (24.75-b04) for linux-x86 JRE (1.7.0_75-b13), built on Jan 27 2015 00:41:34 by "buildd" with gcc 4.8.2

time: Fri Mar  6 14:11:44 2015
elapsed time: 70 seconds

